<?xml version="1.0" encoding="UTF-8"?>
<testng-results ignored="0" total="1" passed="1" failed="0" skipped="0">
  <reporter-output>
  </reporter-output>
  <suite started-at="2024-04-05T16:42:10 IST" name="Default suite" finished-at="2024-04-05T16:42:33 IST" duration-ms="22824">
    <groups>
    </groups>
    <test started-at="2024-04-05T16:42:10 IST" name="Default test" finished-at="2024-04-05T16:42:33 IST" duration-ms="22824">
      <class name="AntlingTestt.Logouttest">
        <test-method is-config="true" signature="setup()[pri:0, instance:AntlingTestt.Logouttest@2805d709]" started-at="2024-04-05T16:42:10 IST" name="setup" finished-at="2024-04-05T16:42:19 IST" duration-ms="9045" status="PASS">
          <reporter-output>
          </reporter-output>
        </test-method> <!-- setup -->
        <test-method signature="antlingtest()[pri:0, instance:AntlingTestt.Logouttest@2805d709]" started-at="2024-04-05T16:42:19 IST" name="antlingtest" finished-at="2024-04-05T16:42:33 IST" duration-ms="13714" status="PASS">
          <reporter-output>
          </reporter-output>
        </test-method> <!-- antlingtest -->
      </class> <!-- AntlingTestt.Logouttest -->
    </test> <!-- Default test -->
  </suite> <!-- Default suite -->
</testng-results>
